08:13:56 **** Build of configuration Debug for project Consola ****
make all 
Building file: ../src/Consola.c
Invoking: GCC C Compiler
gcc -I"/home/utnso/tp-2017-1c-The-Revenge/tr_library" -O0 -g3 -Wall -c -fmessage-length=0 -MMD -MP -MF"src/Consola.d" -MT"src/Consola.d" -o "src/Consola.o" "../src/Consola.c"
../src/Consola.c: In function ‘desconectarConsola’:
../src/Consola.c:125:6: warning: unused variable ‘cantHilos’ [-Wunused-variable]
  int cantHilos;
      ^
../src/Consola.c: In function ‘gestionarConsola’:
../src/Consola.c:166:8: warning: variable ‘cantLeido’ set but not used [-Wunused-but-set-variable]
  int i,cantLeido,pid;
        ^
../src/Consola.c:166:6: warning: unused variable ‘i’ [-Wunused-variable]
  int i,cantLeido,pid;
      ^
../src/Consola.c: In function ‘recvPid’:
../src/Consola.c:278:6: warning: unused variable ‘bytes2’ [-Wunused-variable]
  int bytes2=recv(socket, spid, length, MSG_WAITALL);
      ^
../src/Consola.c: In function ‘recvPrograma’:
../src/Consola.c:292:6: warning: unused variable ‘bytes2’ [-Wunused-variable]
  int bytes2 = recv(socket, sprog, length, MSG_WAITALL);
      ^
../src/Consola.c: In function ‘main’:
../src/Consola.c:612:6: warning: unused variable ‘i’ [-Wunused-variable]
  int i;
      ^
../src/Consola.c: In function ‘enviar’:
../src/Consola.c:486:2: warning: ‘cantEnviado’ is used uninitialized in this function [-Wuninitialized]
  return cantEnviado;
  ^
Finished building: ../src/Consola.c
 
Building file: ../src/configuracionInicial.c
Invoking: GCC C Compiler
gcc -I"/home/utnso/tp-2017-1c-The-Revenge/tr_library" -O0 -g3 -Wall -c -fmessage-length=0 -MMD -MP -MF"src/configuracionInicial.d" -MT"src/configuracionInicial.d" -o "src/configuracionInicial.o" "../src/configuracionInicial.c"
Finished building: ../src/configuracionInicial.c
 
Building target: Consola
Invoking: GCC C Linker
gcc -L"/home/utnso/tp-2017-1c-The-Revenge/tr_library/Debug" -o "Consola"  ./src/Consola.o ./src/configuracionInicial.o   -ltr_library -lpthread -lcommons
Finished building target: Consola
 

08:13:57 Build Finished (took 866ms)

