05:02:25 **** Build of configuration Debug for project CPU ****
make all 
Building file: ../src/CPU.c
Invoking: GCC C Compiler
gcc -I"/home/utnso/tp-2017-1c-The-Revenge/tr_library" -O0 -g3 -Wall -c -fmessage-length=0 -MMD -MP -MF"src/CPU.d" -MT"src/CPU.d" -o "src/CPU.o" "../src/CPU.c"
In file included from ../src/CPU.c:8:0:
../src/CPU.h:45:1: warning: parameter names (without types) in function declaration [enabled by default]
 int recibirMensaje(socket);
 ^
../src/CPU.h:46:1: warning: parameter names (without types) in function declaration [enabled by default]
 int recibirMensajeInicialDeMemoria(socket);
 ^
../src/CPU.h:52:1: warning: parameter names (without types) in function declaration [enabled by default]
 char * recibirInstruccion(socket);
 ^
../src/CPU.c: In function ‘main’:
../src/CPU.c:66:2: warning: implicit declaration of function ‘aceptarConexion’ [-Wimplicit-function-declaration]
  if(aceptarConexion(socketMemoria,HANDSHAKE_MEMORIA)==0){
  ^
../src/CPU.c: In function ‘recibirMensaje’:
../src/CPU.c:160:4: warning: pointer targets in passing argument 3 of ‘recibirTamanio’ differ in signedness [-Wpointer-sign]
    recibirTamanio(socket,header.length,&iTamStack);
    ^
In file included from ../src/CPU.c:8:0:
../src/CPU.h:43:6: note: expected ‘int32_t *’ but argument is of type ‘uint32_t *’
 void recibirTamanio(int socket, uint32_t tamanio, int32_t * elemento);
      ^
../src/CPU.c: In function ‘recibirMensajeInicialDeMemoria’:
../src/CPU.c:184:4: warning: pointer targets in passing argument 3 of ‘recibirTamanio’ differ in signedness [-Wpointer-sign]
    recibirTamanio(socket,header.length,&tamanioPagina);
    ^
In file included from ../src/CPU.c:8:0:
../src/CPU.h:43:6: note: expected ‘int32_t *’ but argument is of type ‘uint32_t *’
 void recibirTamanio(int socket, uint32_t tamanio, int32_t * elemento);
      ^
Finished building: ../src/CPU.c
 
Building file: ../src/configCpu.c
Invoking: GCC C Compiler
gcc -I"/home/utnso/tp-2017-1c-The-Revenge/tr_library" -O0 -g3 -Wall -c -fmessage-length=0 -MMD -MP -MF"src/configCpu.d" -MT"src/configCpu.d" -o "src/configCpu.o" "../src/configCpu.c"
In file included from ../src/configCpu.h:11:0,
                 from ../src/configCpu.c:8:
../src/CPU.h:45:1: warning: parameter names (without types) in function declaration [enabled by default]
 int recibirMensaje(socket);
 ^
../src/CPU.h:46:1: warning: parameter names (without types) in function declaration [enabled by default]
 int recibirMensajeInicialDeMemoria(socket);
 ^
../src/CPU.h:52:1: warning: parameter names (without types) in function declaration [enabled by default]
 char * recibirInstruccion(socket);
 ^
Finished building: ../src/configCpu.c
 
Building file: ../src/primitivasAnsisop.c
Invoking: GCC C Compiler
gcc -I"/home/utnso/tp-2017-1c-The-Revenge/tr_library" -O0 -g3 -Wall -c -fmessage-length=0 -MMD -MP -MF"src/primitivasAnsisop.d" -MT"src/primitivasAnsisop.d" -o "src/primitivasAnsisop.o" "../src/primitivasAnsisop.c"
In file included from ../src/primitivasAnsisop.h:22:0,
                 from ../src/primitivasAnsisop.c:8:
../src/CPU.h:45:1: warning: parameter names (without types) in function declaration [enabled by default]
 int recibirMensaje(socket);
 ^
../src/CPU.h:46:1: warning: parameter names (without types) in function declaration [enabled by default]
 int recibirMensajeInicialDeMemoria(socket);
 ^
../src/CPU.h:52:1: warning: parameter names (without types) in function declaration [enabled by default]
 char * recibirInstruccion(socket);
 ^
../src/primitivasAnsisop.c: In function ‘obtenerPosicionVariable’:
../src/primitivasAnsisop.c:52:8: warning: unused variable ‘lineaArg’ [-Wunused-variable]
    int lineaArg = identificador_variable - '0';
        ^
../src/primitivasAnsisop.c: In function ‘asignar’:
../src/primitivasAnsisop.c:81:2: warning: implicit declaration of function ‘solicitudEscritura_serializer’ [-Wimplicit-function-declaration]
  char * serializer = solicitudEscritura_serializer(mensaje,&header.length);
  ^
../src/primitivasAnsisop.c:81:22: warning: initialization makes pointer from integer without a cast [enabled by default]
  char * serializer = solicitudEscritura_serializer(mensaje,&header.length);
                      ^
../src/primitivasAnsisop.c: In function ‘dereferenciar’:
../src/primitivasAnsisop.c:125:2: warning: implicit declaration of function ‘solicitudLectura_serializer’ [-Wimplicit-function-declaration]
  char *serializer=solicitudLectura_serializer(solicitar,&header.length);
  ^
../src/primitivasAnsisop.c:125:19: warning: initialization makes pointer from integer without a cast [enabled by default]
  char *serializer=solicitudLectura_serializer(solicitar,&header.length);
                   ^
../src/primitivasAnsisop.c: In function ‘obtenerValorCompartida’:
../src/primitivasAnsisop.c:257:2: warning: implicit declaration of function ‘serializer_opVarCompartida’ [-Wimplicit-function-declaration]
  char *serialized =serializer_opVarCompartida(varCompartida,&header.length);
  ^
../src/primitivasAnsisop.c:257:20: warning: initialization makes pointer from integer without a cast [enabled by default]
  char *serialized =serializer_opVarCompartida(varCompartida,&header.length);
                    ^
../src/primitivasAnsisop.c:276:4: warning: implicit declaration of function ‘deserializer_opVarCompartida’ [-Wimplicit-function-declaration]
    varCompartida = deserializer_opVarCompartida(mensaje);
    ^
../src/primitivasAnsisop.c:276:18: warning: assignment makes pointer from integer without a cast [enabled by default]
    varCompartida = deserializer_opVarCompartida(mensaje);
                  ^
../src/primitivasAnsisop.c: In function ‘asignarValorCompartida’:
../src/primitivasAnsisop.c:296:22: warning: initialization makes pointer from integer without a cast [enabled by default]
  char * serializer = serializer_opVarCompartida(varCompartida,&header.length);
                      ^
../src/primitivasAnsisop.c: In function ‘retornar’:
../src/primitivasAnsisop.c:446:11: warning: unused variable ‘NuevoContextoEjecucion’ [-Wunused-variable]
  t_stack *NuevoContextoEjecucion=list_get(pcb->indiceStack,pcb->indiceContextoEjecucionActualStack);
           ^
../src/primitivasAnsisop.c: In function ‘ansisop_escribir’:
../src/primitivasAnsisop.c:467:2: warning: implicit declaration of function ‘operacionDescriptorArchivo_serializer’ [-Wimplicit-function-declaration]
  char *serialized=operacionDescriptorArchivo_serializer(escribirDescriptorArchivo,&header.length);
  ^
../src/primitivasAnsisop.c:467:19: warning: initialization makes pointer from integer without a cast [enabled by default]
  char *serialized=operacionDescriptorArchivo_serializer(escribirDescriptorArchivo,&header.length);
                   ^
../src/primitivasAnsisop.c: In function ‘ansisop_leer’:
../src/primitivasAnsisop.c:516:19: warning: initialization makes pointer from integer without a cast [enabled by default]
  char *serialized=operacionDescriptorArchivo_serializer(leerDescriptorArchivo,&header.length);
                   ^
../src/primitivasAnsisop.c: In function ‘reservar’:
../src/primitivasAnsisop.c:616:2: warning: implicit declaration of function ‘solicitudHeap_serializer’ [-Wimplicit-function-declaration]
  char * serializer= solicitudHeap_serializer(datosHeap,&header.length);
  ^
../src/primitivasAnsisop.c:616:21: warning: initialization makes pointer from integer without a cast [enabled by default]
  char * serializer= solicitudHeap_serializer(datosHeap,&header.length);
                     ^
../src/primitivasAnsisop.c:633:5: warning: implicit declaration of function ‘uint32_deserializer’ [-Wimplicit-function-declaration]
     puntero = uint32_deserializer(serializer);
     ^
../src/primitivasAnsisop.c:633:13: warning: assignment makes pointer from integer without a cast [enabled by default]
     puntero = uint32_deserializer(serializer);
             ^
../src/primitivasAnsisop.c:639:5: warning: return makes integer from pointer without a cast [enabled by default]
     return NULL;
     ^
../src/primitivasAnsisop.c:643:5: warning: return makes integer from pointer without a cast [enabled by default]
     return NULL;
     ^
../src/primitivasAnsisop.c:647:5: warning: return makes integer from pointer without a cast [enabled by default]
     return NULL;
     ^
../src/primitivasAnsisop.c: In function ‘liberar’:
../src/primitivasAnsisop.c:665:21: warning: initialization makes pointer from integer without a cast [enabled by default]
  char * serializer= solicitudHeap_serializer(datosHeap,&header.length);
                     ^
../src/primitivasAnsisop.c: In function ‘abrir’:
../src/primitivasAnsisop.c:710:19: warning: initialization makes pointer from integer without a cast [enabled by default]
  char *serialized=operacionDescriptorArchivo_serializer(abrirArchivo,&header.length);
                   ^
../src/primitivasAnsisop.c:728:12: warning: assignment makes pointer from integer without a cast [enabled by default]
    puntero = uint32_deserializer(serializer);
            ^
../src/primitivasAnsisop.c: In function ‘borrar’:
../src/primitivasAnsisop.c:751:19: warning: initialization makes pointer from integer without a cast [enabled by default]
  char *serialized=operacionDescriptorArchivo_serializer(borrarArchivo,&header.length);
                   ^
../src/primitivasAnsisop.c: In function ‘cerrar’:
../src/primitivasAnsisop.c:786:19: warning: initialization makes pointer from integer without a cast [enabled by default]
  char *serialized=operacionDescriptorArchivo_serializer(cerrarArchivo,&header.length);
                   ^
../src/primitivasAnsisop.c: In function ‘moverCursor’:
../src/primitivasAnsisop.c:824:19: warning: initialization makes pointer from integer without a cast [enabled by default]
  char *serialized=operacionDescriptorArchivo_serializer(moverCursor,&header.length);
                   ^
../src/primitivasAnsisop.c:815:8: warning: unused variable ‘serializer’ [-Wunused-variable]
  char* serializer;
        ^
../src/primitivasAnsisop.c: In function ‘obtenerValorCompartida’:
../src/primitivasAnsisop.c:282:1: warning: control reaches end of non-void function [-Wreturn-type]
 }
 ^
../src/primitivasAnsisop.c: In function ‘asignarValorCompartida’:
../src/primitivasAnsisop.c:320:1: warning: control reaches end of non-void function [-Wreturn-type]
 }
 ^
../src/primitivasAnsisop.c: In function ‘reservar’:
../src/primitivasAnsisop.c:651:1: warning: control reaches end of non-void function [-Wreturn-type]
 }
 ^
../src/primitivasAnsisop.c: In function ‘abrir’:
../src/primitivasAnsisop.c:737:1: warning: control reaches end of non-void function [-Wreturn-type]
 }
 ^
../src/primitivasAnsisop.c: In function ‘llamarSinRetorno’:
../src/primitivasAnsisop.c:339:4: warning: ‘nuevaLineaStackEjecucionActual’ is used uninitialized in this function [-Wuninitialized]
  if(nuevaLineaStackEjecucionActual==NULL){
    ^
Finished building: ../src/primitivasAnsisop.c
 
Building target: CPU
Invoking: GCC C Linker
gcc -L"/home/utnso/tp-2017-1c-The-Revenge/tr_library/Debug" -o "CPU"  ./src/CPU.o ./src/configCpu.o ./src/primitivasAnsisop.o   -ltr_library -lcommons -lparser-ansisop
Finished building target: CPU
 

05:02:27 Build Finished (took 1s.418ms)

